[2019-10-06 07:28:37] local.ERROR: Undefined property: App\Notifications\PasswordResetRequest::$email {"exception":"[object] (ErrorException(code: 0): Undefined property: App\\Notifications\\PasswordResetRequest::$email at C:\\Users\\user\\Desktop\\CAPSTONE\\vroom-backend\\carShareBackend\\app\\Notifications\\PasswordResetRequest.php:41)
[stacktrace]
#0 C:\\Users\\user\\Desktop\\CAPSTONE\\vroom-backend\\carShareBackend\\app\\Notifications\\PasswordResetRequest.php(41): Illuminate\\Foundation\\Bootstrap\\HandleExceptions->handleError(8, 'Undefined prope...', 'C:\\\\Users\\\\user\\\\D...', 41, Array)
#1 C:\\Users\\user\\Desktop\\CAPSTONE\\vroom-backend\\carShareBackend\\vendor\\laravel\\framework\\src\\Illuminate\\Notifications\\Channels\\MailChannel.php(51): App\\Notifications\\PasswordResetRequest->toMail(Object(App\\User))
#2 C:\\Users\\user\\Desktop\\CAPSTONE\\vroom-backend\\carShareBackend\\vendor\\laravel\\framework\\src\\Illuminate\\Notifications\\NotificationSender.php(144): Illuminate\\Notifications\\Channels\\MailChannel->send(Object(App\\User), Object(App\\Notifications\\PasswordResetRequest))
#3 C:\\Users\\user\\Desktop\\CAPSTONE\\vroom-backend\\carShareBackend\\vendor\\laravel\\framework\\src\\Illuminate\\Notifications\\NotificationSender.php(103): Illuminate\\Notifications\\NotificationSender->sendToNotifiable(Object(App\\User), '5464f87a-356d-4...', Object(App\\Notifications\\PasswordResetRequest), 'mail')
#4 C:\\Users\\user\\Desktop\\CAPSTONE\\vroom-backend\\carShareBackend\\vendor\\laravel\\framework\\src\\Illuminate\\Support\\Traits\\Localizable.php(19): Illuminate\\Notifications\\NotificationSender->Illuminate\\Notifications\\{closure}()
#5 C:\\Users\\user\\Desktop\\CAPSTONE\\vroom-backend\\carShareBackend\\vendor\\laravel\\framework\\src\\Illuminate\\Notifications\\NotificationSender.php(105): Illuminate\\Notifications\\NotificationSender->withLocale(NULL, Object(Closure))
#6 C:\\Users\\user\\Desktop\\CAPSTONE\\vroom-backend\\carShareBackend\\vendor\\laravel\\framework\\src\\Illuminate\\Notifications\\ChannelManager.php(54): Illuminate\\Notifications\\NotificationSender->sendNow(Object(Illuminate\\Database\\Eloquent\\Collection), Object(App\\Notifications\\PasswordResetRequest), Array)
#7 C:\\Users\\user\\Desktop\\CAPSTONE\\vroom-backend\\carShareBackend\\vendor\\laravel\\framework\\src\\Illuminate\\Notifications\\SendQueuedNotifications.php(73): Illuminate\\Notifications\\ChannelManager->sendNow(Object(App\\User), Object(App\\Notifications\\PasswordResetRequest), Array)
#8 [internal function]: Illuminate\\Notifications\\SendQueuedNotifications->handle(Object(Illuminate\\Notifications\\ChannelManager))
#9 C:\\Users\\user\\Desktop\\CAPSTONE\\vroom-backend\\carShareBackend\\vendor\\laravel\\framework\\src\\Illuminate\\Container\\BoundMethod.php(32): call_user_func_array(Array, Array)
#10 C:\\Users\\user\\Desktop\\CAPSTONE\\vroom-backend\\carShareBackend\\vendor\\laravel\\framework\\src\\Illuminate\\Container\\BoundMethod.php(90): Illuminate\\Container\\BoundMethod::Illuminate\\Container\\{closure}()
#11 C:\\Users\\user\\Desktop\\CAPSTONE\\vroom-backend\\carShareBackend\\vendor\\laravel\\framework\\src\\Illuminate\\Container\\BoundMethod.php(34): Illuminate\\Container\\BoundMethod::callBoundMethod(Object(Illuminate\\Foundation\\Application), Array, Object(Closure))
#12 C:\\Users\\user\\Desktop\\CAPSTONE\\vroom-backend\\carShareBackend\\vendor\\laravel\\framework\\src\\Illuminate\\Container\\Container.php(576): Illuminate\\Container\\BoundMethod::call(Object(Illuminate\\Foundation\\Application), Array, Array, NULL)
#13 C:\\Users\\user\\Desktop\\CAPSTONE\\vroom-backend\\carShareBackend\\vendor\\laravel\\framework\\src\\Illuminate\\Bus\\Dispatcher.php(94): Illuminate\\Container\\Container->call(Array)
#14 C:\\Users\\user\\Desktop\\CAPSTONE\\vroom-backend\\carShareBackend\\vendor\\laravel\\framework\\src\\Illuminate\\Pipeline\\Pipeline.php(128): Illuminate\\Bus\\Dispatcher->Illuminate\\Bus\\{closure}(Object(Illuminate\\Notifications\\SendQueuedNotifications))
#15 C:\\Users\\user\\Desktop\\CAPSTONE\\vroom-backend\\carShareBackend\\vendor\\laravel\\framework\\src\\Illuminate\\Pipeline\\Pipeline.php(104): Illuminate\\Pipeline\\Pipeline->Illuminate\\Pipeline\\{closure}(Object(Illuminate\\Notifications\\SendQueuedNotifications))
#16 C:\\Users\\user\\Desktop\\CAPSTONE\\vroom-backend\\carShareBackend\\vendor\\laravel\\framework\\src\\Illuminate\\Bus\\Dispatcher.php(98): Illuminate\\Pipeline\\Pipeline->then(Object(Closure))
#17 C:\\Users\\user\\Desktop\\CAPSTONE\\vroom-backend\\carShareBackend\\vendor\\laravel\\framework\\src\\Illuminate\\Queue\\CallQueuedHandler.php(49): Illuminate\\Bus\\Dispatcher->dispatchNow(Object(Illuminate\\Notifications\\SendQueuedNotifications), false)
#18 C:\\Users\\user\\Desktop\\CAPSTONE\\vroom-backend\\carShareBackend\\vendor\\laravel\\framework\\src\\Illuminate\\Queue\\Jobs\\Job.php(88): Illuminate\\Queue\\CallQueuedHandler->call(Object(Illuminate\\Queue\\Jobs\\SyncJob), Array)
#19 C:\\Users\\user\\Desktop\\CAPSTONE\\vroom-backend\\carShareBackend\\vendor\\laravel\\framework\\src\\Illuminate\\Queue\\SyncQueue.php(42): Illuminate\\Queue\\Jobs\\Job->fire()
#20 C:\\Users\\user\\Desktop\\CAPSTONE\\vroom-backend\\carShareBackend\\vendor\\laravel\\framework\\src\\Illuminate\\Bus\\Dispatcher.php(184): Illuminate\\Queue\\SyncQueue->push(Object(Illuminate\\Notifications\\SendQueuedNotifications))
#21 C:\\Users\\user\\Desktop\\CAPSTONE\\vroom-backend\\carShareBackend\\vendor\\laravel\\framework\\src\\Illuminate\\Bus\\Dispatcher.php(160): Illuminate\\Bus\\Dispatcher->pushCommandToQueue(Object(Illuminate\\Queue\\SyncQueue), Object(Illuminate\\Notifications\\SendQueuedNotifications))
#22 C:\\Users\\user\\Desktop\\CAPSTONE\\vroom-backend\\carShareBackend\\vendor\\laravel\\framework\\src\\Illuminate\\Bus\\Dispatcher.php(73): Illuminate\\Bus\\Dispatcher->dispatchToQueue(Object(Illuminate\\Notifications\\SendQueuedNotifications))
#23 C:\\Users\\user\\Desktop\\CAPSTONE\\vroom-backend\\carShareBackend\\vendor\\laravel\\framework\\src\\Illuminate\\Notifications\\NotificationSender.php(195): Illuminate\\Bus\\Dispatcher->dispatch(Object(Illuminate\\Notifications\\SendQueuedNotifications))
#24 C:\\Users\\user\\Desktop\\CAPSTONE\\vroom-backend\\carShareBackend\\vendor\\laravel\\framework\\src\\Illuminate\\Notifications\\NotificationSender.php(74): Illuminate\\Notifications\\NotificationSender->queueNotification(Object(Illuminate\\Database\\Eloquent\\Collection), Object(App\\Notifications\\PasswordResetRequest))
#25 C:\\Users\\user\\Desktop\\CAPSTONE\\vroom-backend\\carShareBackend\\vendor\\laravel\\framework\\src\\Illuminate\\Notifications\\ChannelManager.php(39): Illuminate\\Notifications\\NotificationSender->send(Object(Illuminate\\Database\\Eloquent\\Collection), Object(App\\Notifications\\PasswordResetRequest))
#26 C:\\Users\\user\\Desktop\\CAPSTONE\\vroom-backend\\carShareBackend\\vendor\\laravel\\framework\\src\\Illuminate\\Notifications\\RoutesNotifications.php(18): Illuminate\\Notifications\\ChannelManager->send(Object(App\\User), Object(App\\Notifications\\PasswordResetRequest))
#27 C:\\Users\\user\\Desktop\\CAPSTONE\\vroom-backend\\carShareBackend\\app\\Http\\Controllers\\PasswordResetController.php(36): App\\User->notify(Object(App\\Notifications\\PasswordResetRequest))
#28 [internal function]: App\\Http\\Controllers\\PasswordResetController->create(Object(Illuminate\\Http\\Request))
#29 C:\\Users\\user\\Desktop\\CAPSTONE\\vroom-backend\\carShareBackend\\vendor\\laravel\\framework\\src\\Illuminate\\Routing\\Controller.php(54): call_user_func_array(Array, Array)
#30 C:\\Users\\user\\Desktop\\CAPSTONE\\vroom-backend\\carShareBackend\\vendor\\laravel\\framework\\src\\Illuminate\\Routing\\ControllerDispatcher.php(45): Illuminate\\Routing\\Controller->callAction('create', Array)
#31 C:\\Users\\user\\Desktop\\CAPSTONE\\vroom-backend\\carShareBackend\\vendor\\laravel\\framework\\src\\Illuminate\\Routing\\Route.php(219): Illuminate\\Routing\\ControllerDispatcher->dispatch(Object(Illuminate\\Routing\\Route), Object(App\\Http\\Controllers\\PasswordResetController), 'create')
#32 C:\\Users\\user\\Desktop\\CAPSTONE\\vroom-backend\\carShareBackend\\vendor\\laravel\\framework\\src\\Illuminate\\Routing\\Route.php(176): Illuminate\\Routing\\Route->runController()
#33 C:\\Users\\user\\Desktop\\CAPSTONE\\vroom-backend\\carShareBackend\\vendor\\laravel\\framework\\src\\Illuminate\\Routing\\Router.php(680): Illuminate\\Routing\\Route->run()
#34 C:\\Users\\user\\Desktop\\CAPSTONE\\vroom-backend\\carShareBackend\\vendor\\laravel\\framework\\src\\Illuminate\\Routing\\Pipeline.php(30): Illuminate\\Routing\\Router->Illuminate\\Routing\\{closure}(Object(Illuminate\\Http\\Request))
#35 C:\\Users\\user\\Desktop\\CAPSTONE\\vroom-backend\\carShareBackend\\vendor\\laravel\\framework\\src\\Illuminate\\Routing\\Middleware\\SubstituteBindings.php(41): Illuminate\\Routing\\Pipeline->Illuminate\\Routing\\{closure}(Object(Illuminate\\Http\\Request))
#36 C:\\Users\\user\\Desktop\\CAPSTONE\\vroom-backend\\carShareBackend\\vendor\\laravel\\framework\\src\\Illuminate\\Pipeline\\Pipeline.php(163): Illuminate\\Routing\\Middleware\\SubstituteBindings->handle(Object(Illuminate\\Http\\Request), Object(Closure))
#37 C:\\Users\\user\\Desktop\\CAPSTONE\\vroom-backend\\carShareBackend\\vendor\\laravel\\framework\\src\\Illuminate\\Routing\\Pipeline.php(53): Illuminate\\Pipeline\\Pipeline->Illuminate\\Pipeline\\{closure}(Object(Illuminate\\Http\\Request))
#38 C:\\Users\\user\\Desktop\\CAPSTONE\\vroom-backend\\carShareBackend\\vendor\\laravel\\framework\\src\\Illuminate\\Routing\\Middleware\\ThrottleRequests.php(58): Illuminate\\Routing\\Pipeline->Illuminate\\Routing\\{closure}(Object(Illuminate\\Http\\Request))
#39 C:\\Users\\user\\Desktop\\CAPSTONE\\vroom-backend\\carShareBackend\\vendor\\laravel\\framework\\src\\Illuminate\\Pipeline\\Pipeline.php(163): Illuminate\\Routing\\Middleware\\ThrottleRequests->handle(Object(Illuminate\\Http\\Request), Object(Closure), 60, '1')
#40 C:\\Users\\user\\Desktop\\CAPSTONE\\vroom-backend\\carShareBackend\\vendor\\laravel\\framework\\src\\Illuminate\\Routing\\Pipeline.php(53): Illuminate\\Pipeline\\Pipeline->Illuminate\\Pipeline\\{closure}(Object(Illuminate\\Http\\Request))
#41 C:\\Users\\user\\Desktop\\CAPSTONE\\vroom-backend\\carShareBackend\\vendor\\laravel\\framework\\src\\Illuminate\\Pipeline\\Pipeline.php(104): Illuminate\\Routing\\Pipeline->Illuminate\\Routing\\{closure}(Object(Illuminate\\Http\\Request))
#42 C:\\Users\\user\\Desktop\\CAPSTONE\\vroom-backend\\carShareBackend\\vendor\\laravel\\framework\\src\\Illuminate\\Routing\\Router.php(682): Illuminate\\Pipeline\\Pipeline->then(Object(Closure))
#43 C:\\Users\\user\\Desktop\\CAPSTONE\\vroom-backend\\carShareBackend\\vendor\\laravel\\framework\\src\\Illuminate\\Routing\\Router.php(657): Illuminate\\Routing\\Router->runRouteWithinStack(Object(Illuminate\\Routing\\Route), Object(Illuminate\\Http\\Request))
#44 C:\\Users\\user\\Desktop\\CAPSTONE\\vroom-backend\\carShareBackend\\vendor\\laravel\\framework\\src\\Illuminate\\Routing\\Router.php(623): Illuminate\\Routing\\Router->runRoute(Object(Illuminate\\Http\\Request), Object(Illuminate\\Routing\\Route))
#45 C:\\Users\\user\\Desktop\\CAPSTONE\\vroom-backend\\carShareBackend\\vendor\\laravel\\framework\\src\\Illuminate\\Routing\\Router.php(612): Illuminate\\Routing\\Router->dispatchToRoute(Object(Illuminate\\Http\\Request))
#46 C:\\Users\\user\\Desktop\\CAPSTONE\\vroom-backend\\carShareBackend\\vendor\\laravel\\framework\\src\\Illuminate\\Foundation\\Http\\Kernel.php(176): Illuminate\\Routing\\Router->dispatch(Object(Illuminate\\Http\\Request))
#47 C:\\Users\\user\\Desktop\\CAPSTONE\\vroom-backend\\carShareBackend\\vendor\\laravel\\framework\\src\\Illuminate\\Routing\\Pipeline.php(30): Illuminate\\Foundation\\Http\\Kernel->Illuminate\\Foundation\\Http\\{closure}(Object(Illuminate\\Http\\Request))
#48 C:\\Users\\user\\Desktop\\CAPSTONE\\vroom-backend\\carShareBackend\\vendor\\fideloper\\proxy\\src\\TrustProxies.php(57): Illuminate\\Routing\\Pipeline->Illuminate\\Routing\\{closure}(Object(Illuminate\\Http\\Request))
#49 C:\\Users\\user\\Desktop\\CAPSTONE\\vroom-backend\\carShareBackend\\vendor\\laravel\\framework\\src\\Illuminate\\Pipeline\\Pipeline.php(163): Fideloper\\Proxy\\TrustProxies->handle(Object(Illuminate\\Http\\Request), Object(Closure))
#50 C:\\Users\\user\\Desktop\\CAPSTONE\\vroom-backend\\carShareBackend\\vendor\\laravel\\framework\\src\\Illuminate\\Routing\\Pipeline.php(53): Illuminate\\Pipeline\\Pipeline->Illuminate\\Pipeline\\{closure}(Object(Illuminate\\Http\\Request))
#51 C:\\Users\\user\\Desktop\\CAPSTONE\\vroom-backend\\carShareBackend\\vendor\\laravel\\framework\\src\\Illuminate\\Foundation\\Http\\Middleware\\TransformsRequest.php(21): Illuminate\\Routing\\Pipeline->Illuminate\\Routing\\{closure}(Object(Illuminate\\Http\\Request))
#52 C:\\Users\\user\\Desktop\\CAPSTONE\\vroom-backend\\carShareBackend\\vendor\\laravel\\framework\\src\\Illuminate\\Pipeline\\Pipeline.php(163): Illuminate\\Foundation\\Http\\Middleware\\TransformsRequest->handle(Object(Illuminate\\Http\\Request), Object(Closure))
#53 C:\\Users\\user\\Desktop\\CAPSTONE\\vroom-backend\\carShareBackend\\vendor\\laravel\\framework\\src\\Illuminate\\Routing\\Pipeline.php(53): Illuminate\\Pipeline\\Pipeline->Illuminate\\Pipeline\\{closure}(Object(Illuminate\\Http\\Request))
#54 C:\\Users\\user\\Desktop\\CAPSTONE\\vroom-backend\\carShareBackend\\vendor\\laravel\\framework\\src\\Illuminate\\Foundation\\Http\\Middleware\\TransformsRequest.php(21): Illuminate\\Routing\\Pipeline->Illuminate\\Routing\\{closure}(Object(Illuminate\\Http\\Request))
#55 C:\\Users\\user\\Desktop\\CAPSTONE\\vroom-backend\\carShareBackend\\vendor\\laravel\\framework\\src\\Illuminate\\Pipeline\\Pipeline.php(163): Illuminate\\Foundation\\Http\\Middleware\\TransformsRequest->handle(Object(Illuminate\\Http\\Request), Object(Closure))
#56 C:\\Users\\user\\Desktop\\CAPSTONE\\vroom-backend\\carShareBackend\\vendor\\laravel\\framework\\src\\Illuminate\\Routing\\Pipeline.php(53): Illuminate\\Pipeline\\Pipeline->Illuminate\\Pipeline\\{closure}(Object(Illuminate\\Http\\Request))
#57 C:\\Users\\user\\Desktop\\CAPSTONE\\vroom-backend\\carShareBackend\\vendor\\laravel\\framework\\src\\Illuminate\\Foundation\\Http\\Middleware\\ValidatePostSize.php(27): Illuminate\\Routing\\Pipeline->Illuminate\\Routing\\{closure}(Object(Illuminate\\Http\\Request))
#58 C:\\Users\\user\\Desktop\\CAPSTONE\\vroom-backend\\carShareBackend\\vendor\\laravel\\framework\\src\\Illuminate\\Pipeline\\Pipeline.php(163): Illuminate\\Foundation\\Http\\Middleware\\ValidatePostSize->handle(Object(Illuminate\\Http\\Request), Object(Closure))
#59 C:\\Users\\user\\Desktop\\CAPSTONE\\vroom-backend\\carShareBackend\\vendor\\laravel\\framework\\src\\Illuminate\\Routing\\Pipeline.php(53): Illuminate\\Pipeline\\Pipeline->Illuminate\\Pipeline\\{closure}(Object(Illuminate\\Http\\Request))
#60 C:\\Users\\user\\Desktop\\CAPSTONE\\vroom-backend\\carShareBackend\\vendor\\laravel\\framework\\src\\Illuminate\\Foundation\\Http\\Middleware\\CheckForMaintenanceMode.php(62): Illuminate\\Routing\\Pipeline->Illuminate\\Routing\\{closure}(Object(Illuminate\\Http\\Request))
#61 C:\\Users\\user\\Desktop\\CAPSTONE\\vroom-backend\\carShareBackend\\vendor\\laravel\\framework\\src\\Illuminate\\Pipeline\\Pipeline.php(163): Illuminate\\Foundation\\Http\\Middleware\\CheckForMaintenanceMode->handle(Object(Illuminate\\Http\\Request), Object(Closure))
#62 C:\\Users\\user\\Desktop\\CAPSTONE\\vroom-backend\\carShareBackend\\vendor\\laravel\\framework\\src\\Illuminate\\Routing\\Pipeline.php(53): Illuminate\\Pipeline\\Pipeline->Illuminate\\Pipeline\\{closure}(Object(Illuminate\\Http\\Request))
#63 C:\\Users\\user\\Desktop\\CAPSTONE\\vroom-backend\\carShareBackend\\vendor\\laravel\\framework\\src\\Illuminate\\Pipeline\\Pipeline.php(104): Illuminate\\Routing\\Pipeline->Illuminate\\Routing\\{closure}(Object(Illuminate\\Http\\Request))
#64 C:\\Users\\user\\Desktop\\CAPSTONE\\vroom-backend\\carShareBackend\\vendor\\laravel\\framework\\src\\Illuminate\\Foundation\\Http\\Kernel.php(151): Illuminate\\Pipeline\\Pipeline->then(Object(Closure))
#65 C:\\Users\\user\\Desktop\\CAPSTONE\\vroom-backend\\carShareBackend\\vendor\\laravel\\framework\\src\\Illuminate\\Foundation\\Http\\Kernel.php(116): Illuminate\\Foundation\\Http\\Kernel->sendRequestThroughRouter(Object(Illuminate\\Http\\Request))
#66 C:\\Users\\user\\Desktop\\CAPSTONE\\vroom-backend\\carShareBackend\\public\\index.php(60): Illuminate\\Foundation\\Http\\Kernel->handle(Object(Illuminate\\Http\\Request))
#67 C:\\Users\\user\\Desktop\\CAPSTONE\\vroom-backend\\carShareBackend\\server.php(21): require_once('C:\\\\Users\\\\user\\\\D...')
#68 {main}
"} 
[2019-10-06 11:43:15] local.ERROR: SQLSTATE[HY000] [2002] No connection could be made because the target machine actively refused it.
 (SQL: select * from `users` where `email` = robin_nnn@hotmail.com limit 1) {"exception":"[object] (Illuminate\\Database\\QueryException(code: 2002): SQLSTATE[HY000] [2002] No connection could be made because the target machine actively refused it.
 (SQL: select * from `users` where `email` = robin_nnn@hotmail.com limit 1) at C:\\Users\\user\\Desktop\\CAPSTONE\\vroom-backend\\carShareBackend\\vendor\\laravel\\framework\\src\\Illuminate\\Database\\Connection.php:664, PDOException(code: 2002): SQLSTATE[HY000] [2002] No connection could be made because the target machine actively refused it.
 at C:\\Users\\user\\Desktop\\CAPSTONE\\vroom-backend\\carShareBackend\\vendor\\laravel\\framework\\src\\Illuminate\\Database\\Connectors\\Connector.php:70)
[stacktrace]
#0 C:\\Users\\user\\Desktop\\CAPSTONE\\vroom-backend\\carShareBackend\\vendor\\laravel\\framework\\src\\Illuminate\\Database\\Connection.php(624): Illuminate\\Database\\Connection->runQueryCallback('select * from `...', Array, Object(Closure))
#1 C:\\Users\\user\\Desktop\\CAPSTONE\\vroom-backend\\carShareBackend\\vendor\\laravel\\framework\\src\\Illuminate\\Database\\Connection.php(333): Illuminate\\Database\\Connection->run('select * from `...', Array, Object(Closure))
#2 C:\\Users\\user\\Desktop\\CAPSTONE\\vroom-backend\\carShareBackend\\vendor\\laravel\\framework\\src\\Illuminate\\Database\\Query\\Builder.php(2130): Illuminate\\Database\\Connection->select('select * from `...', Array, true)
#3 C:\\Users\\user\\Desktop\\CAPSTONE\\vroom-backend\\carShareBackend\\vendor\\laravel\\framework\\src\\Illuminate\\Database\\Query\\Builder.php(2118): Illuminate\\Database\\Query\\Builder->runSelect()
#4 C:\\Users\\user\\Desktop\\CAPSTONE\\vroom-backend\\carShareBackend\\vendor\\laravel\\framework\\src\\Illuminate\\Database\\Query\\Builder.php(2604): Illuminate\\Database\\Query\\Builder->Illuminate\\Database\\Query\\{closure}()
#5 C:\\Users\\user\\Desktop\\CAPSTONE\\vroom-backend\\carShareBackend\\vendor\\laravel\\framework\\src\\Illuminate\\Database\\Query\\Builder.php(2119): Illuminate\\Database\\Query\\Builder->onceWithColumns(Array, Object(Closure))
#6 C:\\Users\\user\\Desktop\\CAPSTONE\\vroom-backend\\carShareBackend\\vendor\\laravel\\framework\\src\\Illuminate\\Database\\Eloquent\\Builder.php(521): Illuminate\\Database\\Query\\Builder->get(Array)
#7 C:\\Users\\user\\Desktop\\CAPSTONE\\vroom-backend\\carShareBackend\\vendor\\laravel\\framework\\src\\Illuminate\\Database\\Eloquent\\Builder.php(505): Illuminate\\Database\\Eloquent\\Builder->getModels(Array)
#8 C:\\Users\\user\\Desktop\\CAPSTONE\\vroom-backend\\carShareBackend\\vendor\\laravel\\framework\\src\\Illuminate\\Database\\Concerns\\BuildsQueries.php(77): Illuminate\\Database\\Eloquent\\Builder->get(Array)
#9 C:\\Users\\user\\Desktop\\CAPSTONE\\vroom-backend\\carShareBackend\\app\\Http\\Controllers\\PasswordResetController.php(24): Illuminate\\Database\\Eloquent\\Builder->first()
#10 [internal function]: App\\Http\\Controllers\\PasswordResetController->create(Object(Illuminate\\Http\\Request))
#11 C:\\Users\\user\\Desktop\\CAPSTONE\\vroom-backend\\carShareBackend\\vendor\\laravel\\framework\\src\\Illuminate\\Routing\\Controller.php(54): call_user_func_array(Array, Array)
#12 C:\\Users\\user\\Desktop\\CAPSTONE\\vroom-backend\\carShareBackend\\vendor\\laravel\\framework\\src\\Illuminate\\Routing\\ControllerDispatcher.php(45): Illuminate\\Routing\\Controller->callAction('create', Array)
#13 C:\\Users\\user\\Desktop\\CAPSTONE\\vroom-backend\\carShareBackend\\vendor\\laravel\\framework\\src\\Illuminate\\Routing\\Route.php(219): Illuminate\\Routing\\ControllerDispatcher->dispatch(Object(Illuminate\\Routing\\Route), Object(App\\Http\\Controllers\\PasswordResetController), 'create')
#14 C:\\Users\\user\\Desktop\\CAPSTONE\\vroom-backend\\carShareBackend\\vendor\\laravel\\framework\\src\\Illuminate\\Routing\\Route.php(176): Illuminate\\Routing\\Route->runController()
#15 C:\\Users\\user\\Desktop\\CAPSTONE\\vroom-backend\\carShareBackend\\vendor\\laravel\\framework\\src\\Illuminate\\Routing\\Router.php(680): Illuminate\\Routing\\Route->run()
#16 C:\\Users\\user\\Desktop\\CAPSTONE\\vroom-backend\\carShareBackend\\vendor\\laravel\\framework\\src\\Illuminate\\Routing\\Pipeline.php(30): Illuminate\\Routing\\Router->Illuminate\\Routing\\{closure}(Object(Illuminate\\Http\\Request))
#17 C:\\Users\\user\\Desktop\\CAPSTONE\\vroom-backend\\carShareBackend\\vendor\\laravel\\framework\\src\\Illuminate\\Routing\\Middleware\\SubstituteBindings.php(41): Illuminate\\Routing\\Pipeline->Illuminate\\Routing\\{closure}(Object(Illuminate\\Http\\Request))
#18 C:\\Users\\user\\Desktop\\CAPSTONE\\vroom-backend\\carShareBackend\\vendor\\laravel\\framework\\src\\Illuminate\\Pipeline\\Pipeline.php(163): Illuminate\\Routing\\Middleware\\SubstituteBindings->handle(Object(Illuminate\\Http\\Request), Object(Closure))
#19 C:\\Users\\user\\Desktop\\CAPSTONE\\vroom-backend\\carShareBackend\\vendor\\laravel\\framework\\src\\Illuminate\\Routing\\Pipeline.php(53): Illuminate\\Pipeline\\Pipeline->Illuminate\\Pipeline\\{closure}(Object(Illuminate\\Http\\Request))
#20 C:\\Users\\user\\Desktop\\CAPSTONE\\vroom-backend\\carShareBackend\\vendor\\laravel\\framework\\src\\Illuminate\\Routing\\Middleware\\ThrottleRequests.php(58): Illuminate\\Routing\\Pipeline->Illuminate\\Routing\\{closure}(Object(Illuminate\\Http\\Request))
#21 C:\\Users\\user\\Desktop\\CAPSTONE\\vroom-backend\\carShareBackend\\vendor\\laravel\\framework\\src\\Illuminate\\Pipeline\\Pipeline.php(163): Illuminate\\Routing\\Middleware\\ThrottleRequests->handle(Object(Illuminate\\Http\\Request), Object(Closure), 60, '1')
#22 C:\\Users\\user\\Desktop\\CAPSTONE\\vroom-backend\\carShareBackend\\vendor\\laravel\\framework\\src\\Illuminate\\Routing\\Pipeline.php(53): Illuminate\\Pipeline\\Pipeline->Illuminate\\Pipeline\\{closure}(Object(Illuminate\\Http\\Request))
#23 C:\\Users\\user\\Desktop\\CAPSTONE\\vroom-backend\\carShareBackend\\vendor\\laravel\\framework\\src\\Illuminate\\Pipeline\\Pipeline.php(104): Illuminate\\Routing\\Pipeline->Illuminate\\Routing\\{closure}(Object(Illuminate\\Http\\Request))
#24 C:\\Users\\user\\Desktop\\CAPSTONE\\vroom-backend\\carShareBackend\\vendor\\laravel\\framework\\src\\Illuminate\\Routing\\Router.php(682): Illuminate\\Pipeline\\Pipeline->then(Object(Closure))
#25 C:\\Users\\user\\Desktop\\CAPSTONE\\vroom-backend\\carShareBackend\\vendor\\laravel\\framework\\src\\Illuminate\\Routing\\Router.php(657): Illuminate\\Routing\\Router->runRouteWithinStack(Object(Illuminate\\Routing\\Route), Object(Illuminate\\Http\\Request))
#26 C:\\Users\\user\\Desktop\\CAPSTONE\\vroom-backend\\carShareBackend\\vendor\\laravel\\framework\\src\\Illuminate\\Routing\\Router.php(623): Illuminate\\Routing\\Router->runRoute(Object(Illuminate\\Http\\Request), Object(Illuminate\\Routing\\Route))
#27 C:\\Users\\user\\Desktop\\CAPSTONE\\vroom-backend\\carShareBackend\\vendor\\laravel\\framework\\src\\Illuminate\\Routing\\Router.php(612): Illuminate\\Routing\\Router->dispatchToRoute(Object(Illuminate\\Http\\Request))
#28 C:\\Users\\user\\Desktop\\CAPSTONE\\vroom-backend\\carShareBackend\\vendor\\laravel\\framework\\src\\Illuminate\\Foundation\\Http\\Kernel.php(176): Illuminate\\Routing\\Router->dispatch(Object(Illuminate\\Http\\Request))
#29 C:\\Users\\user\\Desktop\\CAPSTONE\\vroom-backend\\carShareBackend\\vendor\\laravel\\framework\\src\\Illuminate\\Routing\\Pipeline.php(30): Illuminate\\Foundation\\Http\\Kernel->Illuminate\\Foundation\\Http\\{closure}(Object(Illuminate\\Http\\Request))
#30 C:\\Users\\user\\Desktop\\CAPSTONE\\vroom-backend\\carShareBackend\\vendor\\fideloper\\proxy\\src\\TrustProxies.php(57): Illuminate\\Routing\\Pipeline->Illuminate\\Routing\\{closure}(Object(Illuminate\\Http\\Request))
#31 C:\\Users\\user\\Desktop\\CAPSTONE\\vroom-backend\\carShareBackend\\vendor\\laravel\\framework\\src\\Illuminate\\Pipeline\\Pipeline.php(163): Fideloper\\Proxy\\TrustProxies->handle(Object(Illuminate\\Http\\Request), Object(Closure))
#32 C:\\Users\\user\\Desktop\\CAPSTONE\\vroom-backend\\carShareBackend\\vendor\\laravel\\framework\\src\\Illuminate\\Routing\\Pipeline.php(53): Illuminate\\Pipeline\\Pipeline->Illuminate\\Pipeline\\{closure}(Object(Illuminate\\Http\\Request))
#33 C:\\Users\\user\\Desktop\\CAPSTONE\\vroom-backend\\carShareBackend\\vendor\\laravel\\framework\\src\\Illuminate\\Foundation\\Http\\Middleware\\TransformsRequest.php(21): Illuminate\\Routing\\Pipeline->Illuminate\\Routing\\{closure}(Object(Illuminate\\Http\\Request))
#34 C:\\Users\\user\\Desktop\\CAPSTONE\\vroom-backend\\carShareBackend\\vendor\\laravel\\framework\\src\\Illuminate\\Pipeline\\Pipeline.php(163): Illuminate\\Foundation\\Http\\Middleware\\TransformsRequest->handle(Object(Illuminate\\Http\\Request), Object(Closure))
#35 C:\\Users\\user\\Desktop\\CAPSTONE\\vroom-backend\\carShareBackend\\vendor\\laravel\\framework\\src\\Illuminate\\Routing\\Pipeline.php(53): Illuminate\\Pipeline\\Pipeline->Illuminate\\Pipeline\\{closure}(Object(Illuminate\\Http\\Request))
#36 C:\\Users\\user\\Desktop\\CAPSTONE\\vroom-backend\\carShareBackend\\vendor\\laravel\\framework\\src\\Illuminate\\Foundation\\Http\\Middleware\\TransformsRequest.php(21): Illuminate\\Routing\\Pipeline->Illuminate\\Routing\\{closure}(Object(Illuminate\\Http\\Request))
#37 C:\\Users\\user\\Desktop\\CAPSTONE\\vroom-backend\\carShareBackend\\vendor\\laravel\\framework\\src\\Illuminate\\Pipeline\\Pipeline.php(163): Illuminate\\Foundation\\Http\\Middleware\\TransformsRequest->handle(Object(Illuminate\\Http\\Request), Object(Closure))
#38 C:\\Users\\user\\Desktop\\CAPSTONE\\vroom-backend\\carShareBackend\\vendor\\laravel\\framework\\src\\Illuminate\\Routing\\Pipeline.php(53): Illuminate\\Pipeline\\Pipeline->Illuminate\\Pipeline\\{closure}(Object(Illuminate\\Http\\Request))
#39 C:\\Users\\user\\Desktop\\CAPSTONE\\vroom-backend\\carShareBackend\\vendor\\laravel\\framework\\src\\Illuminate\\Foundation\\Http\\Middleware\\ValidatePostSize.php(27): Illuminate\\Routing\\Pipeline->Illuminate\\Routing\\{closure}(Object(Illuminate\\Http\\Request))
#40 C:\\Users\\user\\Desktop\\CAPSTONE\\vroom-backend\\carShareBackend\\vendor\\laravel\\framework\\src\\Illuminate\\Pipeline\\Pipeline.php(163): Illuminate\\Foundation\\Http\\Middleware\\ValidatePostSize->handle(Object(Illuminate\\Http\\Request), Object(Closure))
#41 C:\\Users\\user\\Desktop\\CAPSTONE\\vroom-backend\\carShareBackend\\vendor\\laravel\\framework\\src\\Illuminate\\Routing\\Pipeline.php(53): Illuminate\\Pipeline\\Pipeline->Illuminate\\Pipeline\\{closure}(Object(Illuminate\\Http\\Request))
#42 C:\\Users\\user\\Desktop\\CAPSTONE\\vroom-backend\\carShareBackend\\vendor\\laravel\\framework\\src\\Illuminate\\Foundation\\Http\\Middleware\\CheckForMaintenanceMode.php(62): Illuminate\\Routing\\Pipeline->Illuminate\\Routing\\{closure}(Object(Illuminate\\Http\\Request))
#43 C:\\Users\\user\\Desktop\\CAPSTONE\\vroom-backend\\carShareBackend\\vendor\\laravel\\framework\\src\\Illuminate\\Pipeline\\Pipeline.php(163): Illuminate\\Foundation\\Http\\Middleware\\CheckForMaintenanceMode->handle(Object(Illuminate\\Http\\Request), Object(Closure))
#44 C:\\Users\\user\\Desktop\\CAPSTONE\\vroom-backend\\carShareBackend\\vendor\\laravel\\framework\\src\\Illuminate\\Routing\\Pipeline.php(53): Illuminate\\Pipeline\\Pipeline->Illuminate\\Pipeline\\{closure}(Object(Illuminate\\Http\\Request))
#45 C:\\Users\\user\\Desktop\\CAPSTONE\\vroom-backend\\carShareBackend\\vendor\\laravel\\framework\\src\\Illuminate\\Pipeline\\Pipeline.php(104): Illuminate\\Routing\\Pipeline->Illuminate\\Routing\\{closure}(Object(Illuminate\\Http\\Request))
#46 C:\\Users\\user\\Desktop\\CAPSTONE\\vroom-backend\\carShareBackend\\vendor\\laravel\\framework\\src\\Illuminate\\Foundation\\Http\\Kernel.php(151): Illuminate\\Pipeline\\Pipeline->then(Object(Closure))
#47 C:\\Users\\user\\Desktop\\CAPSTONE\\vroom-backend\\carShareBackend\\vendor\\laravel\\framework\\src\\Illuminate\\Foundation\\Http\\Kernel.php(116): Illuminate\\Foundation\\Http\\Kernel->sendRequestThroughRouter(Object(Illuminate\\Http\\Request))
#48 C:\\Users\\user\\Desktop\\CAPSTONE\\vroom-backend\\carShareBackend\\public\\index.php(60): Illuminate\\Foundation\\Http\\Kernel->handle(Object(Illuminate\\Http\\Request))
#49 C:\\Users\\user\\Desktop\\CAPSTONE\\vroom-backend\\carShareBackend\\server.php(21): require_once('C:\\\\Users\\\\user\\\\D...')
#50 {main}
"} 
