[2019-08-20 11:41:20] testing.ERROR: Creating default object from empty value {"userId":99,"exception":"[object] (ErrorException(code: 0): Creating default object from empty value at C:\\Users\\user\\Desktop\\CAPSTONE\\vroom-backend\\carShareBackend\\app\\Http\\Controllers\\CustomerController.php:129)
[stacktrace]
#0 C:\\Users\\user\\Desktop\\CAPSTONE\\vroom-backend\\carShareBackend\\app\\Http\\Controllers\\CustomerController.php(129): Illuminate\\Foundation\\Bootstrap\\HandleExceptions->handleError(2, 'Creating defaul...', 'C:\\\\Users\\\\user\\\\D...', 129, Array)
#1 [internal function]: App\\Http\\Controllers\\CustomerController->updateStatus('991')
#2 C:\\Users\\user\\Desktop\\CAPSTONE\\vroom-backend\\carShareBackend\\vendor\\laravel\\framework\\src\\Illuminate\\Routing\\Controller.php(54): call_user_func_array(Array, Array)
#3 C:\\Users\\user\\Desktop\\CAPSTONE\\vroom-backend\\carShareBackend\\vendor\\laravel\\framework\\src\\Illuminate\\Routing\\ControllerDispatcher.php(45): Illuminate\\Routing\\Controller->callAction('updateStatus', Array)
#4 C:\\Users\\user\\Desktop\\CAPSTONE\\vroom-backend\\carShareBackend\\vendor\\laravel\\framework\\src\\Illuminate\\Routing\\Route.php(219): Illuminate\\Routing\\ControllerDispatcher->dispatch(Object(Illuminate\\Routing\\Route), Object(App\\Http\\Controllers\\CustomerController), 'updateStatus')
#5 C:\\Users\\user\\Desktop\\CAPSTONE\\vroom-backend\\carShareBackend\\vendor\\laravel\\framework\\src\\Illuminate\\Routing\\Route.php(176): Illuminate\\Routing\\Route->runController()
#6 C:\\Users\\user\\Desktop\\CAPSTONE\\vroom-backend\\carShareBackend\\vendor\\laravel\\framework\\src\\Illuminate\\Routing\\Router.php(680): Illuminate\\Routing\\Route->run()
#7 C:\\Users\\user\\Desktop\\CAPSTONE\\vroom-backend\\carShareBackend\\vendor\\laravel\\framework\\src\\Illuminate\\Routing\\Pipeline.php(30): Illuminate\\Routing\\Router->Illuminate\\Routing\\{closure}(Object(Illuminate\\Http\\Request))
#8 C:\\Users\\user\\Desktop\\CAPSTONE\\vroom-backend\\carShareBackend\\vendor\\laravel\\framework\\src\\Illuminate\\Routing\\Middleware\\SubstituteBindings.php(41): Illuminate\\Routing\\Pipeline->Illuminate\\Routing\\{closure}(Object(Illuminate\\Http\\Request))
#9 C:\\Users\\user\\Desktop\\CAPSTONE\\vroom-backend\\carShareBackend\\vendor\\laravel\\framework\\src\\Illuminate\\Pipeline\\Pipeline.php(163): Illuminate\\Routing\\Middleware\\SubstituteBindings->handle(Object(Illuminate\\Http\\Request), Object(Closure))
#10 C:\\Users\\user\\Desktop\\CAPSTONE\\vroom-backend\\carShareBackend\\vendor\\laravel\\framework\\src\\Illuminate\\Routing\\Pipeline.php(53): Illuminate\\Pipeline\\Pipeline->Illuminate\\Pipeline\\{closure}(Object(Illuminate\\Http\\Request))
#11 C:\\Users\\user\\Desktop\\CAPSTONE\\vroom-backend\\carShareBackend\\vendor\\laravel\\framework\\src\\Illuminate\\Routing\\Middleware\\ThrottleRequests.php(58): Illuminate\\Routing\\Pipeline->Illuminate\\Routing\\{closure}(Object(Illuminate\\Http\\Request))
#12 C:\\Users\\user\\Desktop\\CAPSTONE\\vroom-backend\\carShareBackend\\vendor\\laravel\\framework\\src\\Illuminate\\Pipeline\\Pipeline.php(163): Illuminate\\Routing\\Middleware\\ThrottleRequests->handle(Object(Illuminate\\Http\\Request), Object(Closure), 60, '1')
#13 C:\\Users\\user\\Desktop\\CAPSTONE\\vroom-backend\\carShareBackend\\vendor\\laravel\\framework\\src\\Illuminate\\Routing\\Pipeline.php(53): Illuminate\\Pipeline\\Pipeline->Illuminate\\Pipeline\\{closure}(Object(Illuminate\\Http\\Request))
#14 C:\\Users\\user\\Desktop\\CAPSTONE\\vroom-backend\\carShareBackend\\vendor\\laravel\\framework\\src\\Illuminate\\Pipeline\\Pipeline.php(104): Illuminate\\Routing\\Pipeline->Illuminate\\Routing\\{closure}(Object(Illuminate\\Http\\Request))
#15 C:\\Users\\user\\Desktop\\CAPSTONE\\vroom-backend\\carShareBackend\\vendor\\laravel\\framework\\src\\Illuminate\\Routing\\Router.php(682): Illuminate\\Pipeline\\Pipeline->then(Object(Closure))
#16 C:\\Users\\user\\Desktop\\CAPSTONE\\vroom-backend\\carShareBackend\\vendor\\laravel\\framework\\src\\Illuminate\\Routing\\Router.php(657): Illuminate\\Routing\\Router->runRouteWithinStack(Object(Illuminate\\Routing\\Route), Object(Illuminate\\Http\\Request))
#17 C:\\Users\\user\\Desktop\\CAPSTONE\\vroom-backend\\carShareBackend\\vendor\\laravel\\framework\\src\\Illuminate\\Routing\\Router.php(623): Illuminate\\Routing\\Router->runRoute(Object(Illuminate\\Http\\Request), Object(Illuminate\\Routing\\Route))
#18 C:\\Users\\user\\Desktop\\CAPSTONE\\vroom-backend\\carShareBackend\\vendor\\laravel\\framework\\src\\Illuminate\\Routing\\Router.php(612): Illuminate\\Routing\\Router->dispatchToRoute(Object(Illuminate\\Http\\Request))
#19 C:\\Users\\user\\Desktop\\CAPSTONE\\vroom-backend\\carShareBackend\\vendor\\laravel\\framework\\src\\Illuminate\\Foundation\\Http\\Kernel.php(176): Illuminate\\Routing\\Router->dispatch(Object(Illuminate\\Http\\Request))
#20 C:\\Users\\user\\Desktop\\CAPSTONE\\vroom-backend\\carShareBackend\\vendor\\laravel\\framework\\src\\Illuminate\\Routing\\Pipeline.php(30): Illuminate\\Foundation\\Http\\Kernel->Illuminate\\Foundation\\Http\\{closure}(Object(Illuminate\\Http\\Request))
#21 C:\\Users\\user\\Desktop\\CAPSTONE\\vroom-backend\\carShareBackend\\vendor\\fideloper\\proxy\\src\\TrustProxies.php(57): Illuminate\\Routing\\Pipeline->Illuminate\\Routing\\{closure}(Object(Illuminate\\Http\\Request))
#22 C:\\Users\\user\\Desktop\\CAPSTONE\\vroom-backend\\carShareBackend\\vendor\\laravel\\framework\\src\\Illuminate\\Pipeline\\Pipeline.php(163): Fideloper\\Proxy\\TrustProxies->handle(Object(Illuminate\\Http\\Request), Object(Closure))
#23 C:\\Users\\user\\Desktop\\CAPSTONE\\vroom-backend\\carShareBackend\\vendor\\laravel\\framework\\src\\Illuminate\\Routing\\Pipeline.php(53): Illuminate\\Pipeline\\Pipeline->Illuminate\\Pipeline\\{closure}(Object(Illuminate\\Http\\Request))
#24 C:\\Users\\user\\Desktop\\CAPSTONE\\vroom-backend\\carShareBackend\\vendor\\laravel\\framework\\src\\Illuminate\\Foundation\\Http\\Middleware\\TransformsRequest.php(21): Illuminate\\Routing\\Pipeline->Illuminate\\Routing\\{closure}(Object(Illuminate\\Http\\Request))
#25 C:\\Users\\user\\Desktop\\CAPSTONE\\vroom-backend\\carShareBackend\\vendor\\laravel\\framework\\src\\Illuminate\\Pipeline\\Pipeline.php(163): Illuminate\\Foundation\\Http\\Middleware\\TransformsRequest->handle(Object(Illuminate\\Http\\Request), Object(Closure))
#26 C:\\Users\\user\\Desktop\\CAPSTONE\\vroom-backend\\carShareBackend\\vendor\\laravel\\framework\\src\\Illuminate\\Routing\\Pipeline.php(53): Illuminate\\Pipeline\\Pipeline->Illuminate\\Pipeline\\{closure}(Object(Illuminate\\Http\\Request))
#27 C:\\Users\\user\\Desktop\\CAPSTONE\\vroom-backend\\carShareBackend\\vendor\\laravel\\framework\\src\\Illuminate\\Foundation\\Http\\Middleware\\TransformsRequest.php(21): Illuminate\\Routing\\Pipeline->Illuminate\\Routing\\{closure}(Object(Illuminate\\Http\\Request))
#28 C:\\Users\\user\\Desktop\\CAPSTONE\\vroom-backend\\carShareBackend\\vendor\\laravel\\framework\\src\\Illuminate\\Pipeline\\Pipeline.php(163): Illuminate\\Foundation\\Http\\Middleware\\TransformsRequest->handle(Object(Illuminate\\Http\\Request), Object(Closure))
#29 C:\\Users\\user\\Desktop\\CAPSTONE\\vroom-backend\\carShareBackend\\vendor\\laravel\\framework\\src\\Illuminate\\Routing\\Pipeline.php(53): Illuminate\\Pipeline\\Pipeline->Illuminate\\Pipeline\\{closure}(Object(Illuminate\\Http\\Request))
#30 C:\\Users\\user\\Desktop\\CAPSTONE\\vroom-backend\\carShareBackend\\vendor\\laravel\\framework\\src\\Illuminate\\Foundation\\Http\\Middleware\\ValidatePostSize.php(27): Illuminate\\Routing\\Pipeline->Illuminate\\Routing\\{closure}(Object(Illuminate\\Http\\Request))
#31 C:\\Users\\user\\Desktop\\CAPSTONE\\vroom-backend\\carShareBackend\\vendor\\laravel\\framework\\src\\Illuminate\\Pipeline\\Pipeline.php(163): Illuminate\\Foundation\\Http\\Middleware\\ValidatePostSize->handle(Object(Illuminate\\Http\\Request), Object(Closure))
#32 C:\\Users\\user\\Desktop\\CAPSTONE\\vroom-backend\\carShareBackend\\vendor\\laravel\\framework\\src\\Illuminate\\Routing\\Pipeline.php(53): Illuminate\\Pipeline\\Pipeline->Illuminate\\Pipeline\\{closure}(Object(Illuminate\\Http\\Request))
#33 C:\\Users\\user\\Desktop\\CAPSTONE\\vroom-backend\\carShareBackend\\vendor\\laravel\\framework\\src\\Illuminate\\Foundation\\Http\\Middleware\\CheckForMaintenanceMode.php(62): Illuminate\\Routing\\Pipeline->Illuminate\\Routing\\{closure}(Object(Illuminate\\Http\\Request))
#34 C:\\Users\\user\\Desktop\\CAPSTONE\\vroom-backend\\carShareBackend\\vendor\\laravel\\framework\\src\\Illuminate\\Pipeline\\Pipeline.php(163): Illuminate\\Foundation\\Http\\Middleware\\CheckForMaintenanceMode->handle(Object(Illuminate\\Http\\Request), Object(Closure))
#35 C:\\Users\\user\\Desktop\\CAPSTONE\\vroom-backend\\carShareBackend\\vendor\\laravel\\framework\\src\\Illuminate\\Routing\\Pipeline.php(53): Illuminate\\Pipeline\\Pipeline->Illuminate\\Pipeline\\{closure}(Object(Illuminate\\Http\\Request))
#36 C:\\Users\\user\\Desktop\\CAPSTONE\\vroom-backend\\carShareBackend\\vendor\\laravel\\framework\\src\\Illuminate\\Pipeline\\Pipeline.php(104): Illuminate\\Routing\\Pipeline->Illuminate\\Routing\\{closure}(Object(Illuminate\\Http\\Request))
#37 C:\\Users\\user\\Desktop\\CAPSTONE\\vroom-backend\\carShareBackend\\vendor\\laravel\\framework\\src\\Illuminate\\Foundation\\Http\\Kernel.php(151): Illuminate\\Pipeline\\Pipeline->then(Object(Closure))
#38 C:\\Users\\user\\Desktop\\CAPSTONE\\vroom-backend\\carShareBackend\\vendor\\laravel\\framework\\src\\Illuminate\\Foundation\\Http\\Kernel.php(116): Illuminate\\Foundation\\Http\\Kernel->sendRequestThroughRouter(Object(Illuminate\\Http\\Request))
#39 C:\\Users\\user\\Desktop\\CAPSTONE\\vroom-backend\\carShareBackend\\vendor\\laravel\\framework\\src\\Illuminate\\Foundation\\Testing\\Concerns\\MakesHttpRequests.php(375): Illuminate\\Foundation\\Http\\Kernel->handle(Object(Illuminate\\Http\\Request))
#40 C:\\Users\\user\\Desktop\\CAPSTONE\\vroom-backend\\carShareBackend\\tests\\Feature\\UpdateStatusTest.php(86): Illuminate\\Foundation\\Testing\\TestCase->call('PUT', 'api/users/activ...')
#41 C:\\Users\\user\\Desktop\\CAPSTONE\\vroom-backend\\carShareBackend\\vendor\\phpunit\\phpunit\\src\\Framework\\TestCase.php(1154): Tests\\Feature\\UpdateStatusTest->testExample()
#42 C:\\Users\\user\\Desktop\\CAPSTONE\\vroom-backend\\carShareBackend\\vendor\\phpunit\\phpunit\\src\\Framework\\TestCase.php(842): PHPUnit\\Framework\\TestCase->runTest()
#43 C:\\Users\\user\\Desktop\\CAPSTONE\\vroom-backend\\carShareBackend\\vendor\\phpunit\\phpunit\\src\\Framework\\TestResult.php(693): PHPUnit\\Framework\\TestCase->runBare()
#44 C:\\Users\\user\\Desktop\\CAPSTONE\\vroom-backend\\carShareBackend\\vendor\\phpunit\\phpunit\\src\\Framework\\TestCase.php(796): PHPUnit\\Framework\\TestResult->run(Object(Tests\\Feature\\UpdateStatusTest))
#45 C:\\Users\\user\\Desktop\\CAPSTONE\\vroom-backend\\carShareBackend\\vendor\\phpunit\\phpunit\\src\\Framework\\TestSuite.php(746): PHPUnit\\Framework\\TestCase->run(Object(PHPUnit\\Framework\\TestResult))
#46 C:\\Users\\user\\Desktop\\CAPSTONE\\vroom-backend\\carShareBackend\\vendor\\phpunit\\phpunit\\src\\TextUI\\TestRunner.php(652): PHPUnit\\Framework\\TestSuite->run(Object(PHPUnit\\Framework\\TestResult))
#47 C:\\Users\\user\\Desktop\\CAPSTONE\\vroom-backend\\carShareBackend\\vendor\\phpunit\\phpunit\\src\\TextUI\\Command.php(206): PHPUnit\\TextUI\\TestRunner->doRun(Object(PHPUnit\\Framework\\TestSuite), Array, true)
#48 C:\\Users\\user\\Desktop\\CAPSTONE\\vroom-backend\\carShareBackend\\vendor\\phpunit\\phpunit\\src\\TextUI\\Command.php(162): PHPUnit\\TextUI\\Command->run(Array, true)
#49 C:\\Users\\user\\Desktop\\CAPSTONE\\vroom-backend\\carShareBackend\\vendor\\phpunit\\phpunit\\phpunit(61): PHPUnit\\TextUI\\Command::main()
#50 {main}
"} 
[2019-08-20 11:45:48] testing.ERROR: Creating default object from empty value {"userId":99,"exception":"[object] (ErrorException(code: 0): Creating default object from empty value at C:\\Users\\user\\Desktop\\CAPSTONE\\vroom-backend\\carShareBackend\\app\\Http\\Controllers\\CustomerController.php:129)
[stacktrace]
#0 C:\\Users\\user\\Desktop\\CAPSTONE\\vroom-backend\\carShareBackend\\app\\Http\\Controllers\\CustomerController.php(129): Illuminate\\Foundation\\Bootstrap\\HandleExceptions->handleError(2, 'Creating defaul...', 'C:\\\\Users\\\\user\\\\D...', 129, Array)
#1 [internal function]: App\\Http\\Controllers\\CustomerController->updateStatus('5')
#2 C:\\Users\\user\\Desktop\\CAPSTONE\\vroom-backend\\carShareBackend\\vendor\\laravel\\framework\\src\\Illuminate\\Routing\\Controller.php(54): call_user_func_array(Array, Array)
#3 C:\\Users\\user\\Desktop\\CAPSTONE\\vroom-backend\\carShareBackend\\vendor\\laravel\\framework\\src\\Illuminate\\Routing\\ControllerDispatcher.php(45): Illuminate\\Routing\\Controller->callAction('updateStatus', Array)
#4 C:\\Users\\user\\Desktop\\CAPSTONE\\vroom-backend\\carShareBackend\\vendor\\laravel\\framework\\src\\Illuminate\\Routing\\Route.php(219): Illuminate\\Routing\\ControllerDispatcher->dispatch(Object(Illuminate\\Routing\\Route), Object(App\\Http\\Controllers\\CustomerController), 'updateStatus')
#5 C:\\Users\\user\\Desktop\\CAPSTONE\\vroom-backend\\carShareBackend\\vendor\\laravel\\framework\\src\\Illuminate\\Routing\\Route.php(176): Illuminate\\Routing\\Route->runController()
#6 C:\\Users\\user\\Desktop\\CAPSTONE\\vroom-backend\\carShareBackend\\vendor\\laravel\\framework\\src\\Illuminate\\Routing\\Router.php(680): Illuminate\\Routing\\Route->run()
#7 C:\\Users\\user\\Desktop\\CAPSTONE\\vroom-backend\\carShareBackend\\vendor\\laravel\\framework\\src\\Illuminate\\Routing\\Pipeline.php(30): Illuminate\\Routing\\Router->Illuminate\\Routing\\{closure}(Object(Illuminate\\Http\\Request))
#8 C:\\Users\\user\\Desktop\\CAPSTONE\\vroom-backend\\carShareBackend\\vendor\\laravel\\framework\\src\\Illuminate\\Routing\\Middleware\\SubstituteBindings.php(41): Illuminate\\Routing\\Pipeline->Illuminate\\Routing\\{closure}(Object(Illuminate\\Http\\Request))
#9 C:\\Users\\user\\Desktop\\CAPSTONE\\vroom-backend\\carShareBackend\\vendor\\laravel\\framework\\src\\Illuminate\\Pipeline\\Pipeline.php(163): Illuminate\\Routing\\Middleware\\SubstituteBindings->handle(Object(Illuminate\\Http\\Request), Object(Closure))
#10 C:\\Users\\user\\Desktop\\CAPSTONE\\vroom-backend\\carShareBackend\\vendor\\laravel\\framework\\src\\Illuminate\\Routing\\Pipeline.php(53): Illuminate\\Pipeline\\Pipeline->Illuminate\\Pipeline\\{closure}(Object(Illuminate\\Http\\Request))
#11 C:\\Users\\user\\Desktop\\CAPSTONE\\vroom-backend\\carShareBackend\\vendor\\laravel\\framework\\src\\Illuminate\\Routing\\Middleware\\ThrottleRequests.php(58): Illuminate\\Routing\\Pipeline->Illuminate\\Routing\\{closure}(Object(Illuminate\\Http\\Request))
#12 C:\\Users\\user\\Desktop\\CAPSTONE\\vroom-backend\\carShareBackend\\vendor\\laravel\\framework\\src\\Illuminate\\Pipeline\\Pipeline.php(163): Illuminate\\Routing\\Middleware\\ThrottleRequests->handle(Object(Illuminate\\Http\\Request), Object(Closure), 60, '1')
#13 C:\\Users\\user\\Desktop\\CAPSTONE\\vroom-backend\\carShareBackend\\vendor\\laravel\\framework\\src\\Illuminate\\Routing\\Pipeline.php(53): Illuminate\\Pipeline\\Pipeline->Illuminate\\Pipeline\\{closure}(Object(Illuminate\\Http\\Request))
#14 C:\\Users\\user\\Desktop\\CAPSTONE\\vroom-backend\\carShareBackend\\vendor\\laravel\\framework\\src\\Illuminate\\Pipeline\\Pipeline.php(104): Illuminate\\Routing\\Pipeline->Illuminate\\Routing\\{closure}(Object(Illuminate\\Http\\Request))
#15 C:\\Users\\user\\Desktop\\CAPSTONE\\vroom-backend\\carShareBackend\\vendor\\laravel\\framework\\src\\Illuminate\\Routing\\Router.php(682): Illuminate\\Pipeline\\Pipeline->then(Object(Closure))
#16 C:\\Users\\user\\Desktop\\CAPSTONE\\vroom-backend\\carShareBackend\\vendor\\laravel\\framework\\src\\Illuminate\\Routing\\Router.php(657): Illuminate\\Routing\\Router->runRouteWithinStack(Object(Illuminate\\Routing\\Route), Object(Illuminate\\Http\\Request))
#17 C:\\Users\\user\\Desktop\\CAPSTONE\\vroom-backend\\carShareBackend\\vendor\\laravel\\framework\\src\\Illuminate\\Routing\\Router.php(623): Illuminate\\Routing\\Router->runRoute(Object(Illuminate\\Http\\Request), Object(Illuminate\\Routing\\Route))
#18 C:\\Users\\user\\Desktop\\CAPSTONE\\vroom-backend\\carShareBackend\\vendor\\laravel\\framework\\src\\Illuminate\\Routing\\Router.php(612): Illuminate\\Routing\\Router->dispatchToRoute(Object(Illuminate\\Http\\Request))
#19 C:\\Users\\user\\Desktop\\CAPSTONE\\vroom-backend\\carShareBackend\\vendor\\laravel\\framework\\src\\Illuminate\\Foundation\\Http\\Kernel.php(176): Illuminate\\Routing\\Router->dispatch(Object(Illuminate\\Http\\Request))
#20 C:\\Users\\user\\Desktop\\CAPSTONE\\vroom-backend\\carShareBackend\\vendor\\laravel\\framework\\src\\Illuminate\\Routing\\Pipeline.php(30): Illuminate\\Foundation\\Http\\Kernel->Illuminate\\Foundation\\Http\\{closure}(Object(Illuminate\\Http\\Request))
#21 C:\\Users\\user\\Desktop\\CAPSTONE\\vroom-backend\\carShareBackend\\vendor\\fideloper\\proxy\\src\\TrustProxies.php(57): Illuminate\\Routing\\Pipeline->Illuminate\\Routing\\{closure}(Object(Illuminate\\Http\\Request))
#22 C:\\Users\\user\\Desktop\\CAPSTONE\\vroom-backend\\carShareBackend\\vendor\\laravel\\framework\\src\\Illuminate\\Pipeline\\Pipeline.php(163): Fideloper\\Proxy\\TrustProxies->handle(Object(Illuminate\\Http\\Request), Object(Closure))
#23 C:\\Users\\user\\Desktop\\CAPSTONE\\vroom-backend\\carShareBackend\\vendor\\laravel\\framework\\src\\Illuminate\\Routing\\Pipeline.php(53): Illuminate\\Pipeline\\Pipeline->Illuminate\\Pipeline\\{closure}(Object(Illuminate\\Http\\Request))
#24 C:\\Users\\user\\Desktop\\CAPSTONE\\vroom-backend\\carShareBackend\\vendor\\laravel\\framework\\src\\Illuminate\\Foundation\\Http\\Middleware\\TransformsRequest.php(21): Illuminate\\Routing\\Pipeline->Illuminate\\Routing\\{closure}(Object(Illuminate\\Http\\Request))
#25 C:\\Users\\user\\Desktop\\CAPSTONE\\vroom-backend\\carShareBackend\\vendor\\laravel\\framework\\src\\Illuminate\\Pipeline\\Pipeline.php(163): Illuminate\\Foundation\\Http\\Middleware\\TransformsRequest->handle(Object(Illuminate\\Http\\Request), Object(Closure))
#26 C:\\Users\\user\\Desktop\\CAPSTONE\\vroom-backend\\carShareBackend\\vendor\\laravel\\framework\\src\\Illuminate\\Routing\\Pipeline.php(53): Illuminate\\Pipeline\\Pipeline->Illuminate\\Pipeline\\{closure}(Object(Illuminate\\Http\\Request))
#27 C:\\Users\\user\\Desktop\\CAPSTONE\\vroom-backend\\carShareBackend\\vendor\\laravel\\framework\\src\\Illuminate\\Foundation\\Http\\Middleware\\TransformsRequest.php(21): Illuminate\\Routing\\Pipeline->Illuminate\\Routing\\{closure}(Object(Illuminate\\Http\\Request))
#28 C:\\Users\\user\\Desktop\\CAPSTONE\\vroom-backend\\carShareBackend\\vendor\\laravel\\framework\\src\\Illuminate\\Pipeline\\Pipeline.php(163): Illuminate\\Foundation\\Http\\Middleware\\TransformsRequest->handle(Object(Illuminate\\Http\\Request), Object(Closure))
#29 C:\\Users\\user\\Desktop\\CAPSTONE\\vroom-backend\\carShareBackend\\vendor\\laravel\\framework\\src\\Illuminate\\Routing\\Pipeline.php(53): Illuminate\\Pipeline\\Pipeline->Illuminate\\Pipeline\\{closure}(Object(Illuminate\\Http\\Request))
#30 C:\\Users\\user\\Desktop\\CAPSTONE\\vroom-backend\\carShareBackend\\vendor\\laravel\\framework\\src\\Illuminate\\Foundation\\Http\\Middleware\\ValidatePostSize.php(27): Illuminate\\Routing\\Pipeline->Illuminate\\Routing\\{closure}(Object(Illuminate\\Http\\Request))
#31 C:\\Users\\user\\Desktop\\CAPSTONE\\vroom-backend\\carShareBackend\\vendor\\laravel\\framework\\src\\Illuminate\\Pipeline\\Pipeline.php(163): Illuminate\\Foundation\\Http\\Middleware\\ValidatePostSize->handle(Object(Illuminate\\Http\\Request), Object(Closure))
#32 C:\\Users\\user\\Desktop\\CAPSTONE\\vroom-backend\\carShareBackend\\vendor\\laravel\\framework\\src\\Illuminate\\Routing\\Pipeline.php(53): Illuminate\\Pipeline\\Pipeline->Illuminate\\Pipeline\\{closure}(Object(Illuminate\\Http\\Request))
#33 C:\\Users\\user\\Desktop\\CAPSTONE\\vroom-backend\\carShareBackend\\vendor\\laravel\\framework\\src\\Illuminate\\Foundation\\Http\\Middleware\\CheckForMaintenanceMode.php(62): Illuminate\\Routing\\Pipeline->Illuminate\\Routing\\{closure}(Object(Illuminate\\Http\\Request))
#34 C:\\Users\\user\\Desktop\\CAPSTONE\\vroom-backend\\carShareBackend\\vendor\\laravel\\framework\\src\\Illuminate\\Pipeline\\Pipeline.php(163): Illuminate\\Foundation\\Http\\Middleware\\CheckForMaintenanceMode->handle(Object(Illuminate\\Http\\Request), Object(Closure))
#35 C:\\Users\\user\\Desktop\\CAPSTONE\\vroom-backend\\carShareBackend\\vendor\\laravel\\framework\\src\\Illuminate\\Routing\\Pipeline.php(53): Illuminate\\Pipeline\\Pipeline->Illuminate\\Pipeline\\{closure}(Object(Illuminate\\Http\\Request))
#36 C:\\Users\\user\\Desktop\\CAPSTONE\\vroom-backend\\carShareBackend\\vendor\\laravel\\framework\\src\\Illuminate\\Pipeline\\Pipeline.php(104): Illuminate\\Routing\\Pipeline->Illuminate\\Routing\\{closure}(Object(Illuminate\\Http\\Request))
#37 C:\\Users\\user\\Desktop\\CAPSTONE\\vroom-backend\\carShareBackend\\vendor\\laravel\\framework\\src\\Illuminate\\Foundation\\Http\\Kernel.php(151): Illuminate\\Pipeline\\Pipeline->then(Object(Closure))
#38 C:\\Users\\user\\Desktop\\CAPSTONE\\vroom-backend\\carShareBackend\\vendor\\laravel\\framework\\src\\Illuminate\\Foundation\\Http\\Kernel.php(116): Illuminate\\Foundation\\Http\\Kernel->sendRequestThroughRouter(Object(Illuminate\\Http\\Request))
#39 C:\\Users\\user\\Desktop\\CAPSTONE\\vroom-backend\\carShareBackend\\vendor\\laravel\\framework\\src\\Illuminate\\Foundation\\Testing\\Concerns\\MakesHttpRequests.php(375): Illuminate\\Foundation\\Http\\Kernel->handle(Object(Illuminate\\Http\\Request))
#40 C:\\Users\\user\\Desktop\\CAPSTONE\\vroom-backend\\carShareBackend\\tests\\Feature\\UpdateStatusTest.php(85): Illuminate\\Foundation\\Testing\\TestCase->call('PUT', 'api/users/activ...')
#41 C:\\Users\\user\\Desktop\\CAPSTONE\\vroom-backend\\carShareBackend\\vendor\\phpunit\\phpunit\\src\\Framework\\TestCase.php(1154): Tests\\Feature\\UpdateStatusTest->testExample()
#42 C:\\Users\\user\\Desktop\\CAPSTONE\\vroom-backend\\carShareBackend\\vendor\\phpunit\\phpunit\\src\\Framework\\TestCase.php(842): PHPUnit\\Framework\\TestCase->runTest()
#43 C:\\Users\\user\\Desktop\\CAPSTONE\\vroom-backend\\carShareBackend\\vendor\\phpunit\\phpunit\\src\\Framework\\TestResult.php(693): PHPUnit\\Framework\\TestCase->runBare()
#44 C:\\Users\\user\\Desktop\\CAPSTONE\\vroom-backend\\carShareBackend\\vendor\\phpunit\\phpunit\\src\\Framework\\TestCase.php(796): PHPUnit\\Framework\\TestResult->run(Object(Tests\\Feature\\UpdateStatusTest))
#45 C:\\Users\\user\\Desktop\\CAPSTONE\\vroom-backend\\carShareBackend\\vendor\\phpunit\\phpunit\\src\\Framework\\TestSuite.php(746): PHPUnit\\Framework\\TestCase->run(Object(PHPUnit\\Framework\\TestResult))
#46 C:\\Users\\user\\Desktop\\CAPSTONE\\vroom-backend\\carShareBackend\\vendor\\phpunit\\phpunit\\src\\TextUI\\TestRunner.php(652): PHPUnit\\Framework\\TestSuite->run(Object(PHPUnit\\Framework\\TestResult))
#47 C:\\Users\\user\\Desktop\\CAPSTONE\\vroom-backend\\carShareBackend\\vendor\\phpunit\\phpunit\\src\\TextUI\\Command.php(206): PHPUnit\\TextUI\\TestRunner->doRun(Object(PHPUnit\\Framework\\TestSuite), Array, true)
#48 C:\\Users\\user\\Desktop\\CAPSTONE\\vroom-backend\\carShareBackend\\vendor\\phpunit\\phpunit\\src\\TextUI\\Command.php(162): PHPUnit\\TextUI\\Command->run(Array, true)
#49 C:\\Users\\user\\Desktop\\CAPSTONE\\vroom-backend\\carShareBackend\\vendor\\phpunit\\phpunit\\phpunit(61): PHPUnit\\TextUI\\Command::main()
#50 {main}
"} 
